<?xml version="1.0" encoding="UTF-8"?>
<!-- Generated by org.testng.reporters.JUnitReportReporter -->
<testsuite hostname="Deepak" failures="0" tests="1" name="RestAssuredSpotify.Spotify.AppTest" time="0.025" errors="0" timestamp="2022-02-12T23:13:50 IST" skipped="0">
  <testcase classname="RestAssuredSpotify.Spotify.AppTest" name="shouldAnswerWithTrue" time="0.025"/>
  <system-out/>
</testsuite> <!-- RestAssuredSpotify.Spotify.AppTest -->
